<?xml version="1.0" encoding="UTF-8"?>
<!-- Generated by org.testng.reporters.JUnitReportReporter -->
<testsuite hostname="DESKTOP-39F4HB5" failures="0" tests="1" name="tilak.Pgm1" time="0.009" errors="0" timestamp="2023-06-02T16:06:48 IST" skipped="0">
  <testcase classname="tilak.Pgm1" name="test1" time="0.009"/>
  <system-out/>
</testsuite> <!-- tilak.Pgm1 -->
